  [1m[36m (0.1ms)[0m  [1mSELECT "schema_migrations"."version" FROM "schema_migrations" [0m
Migrating to CreateUsers (20120123203823)
  [1m[35m (0.0ms)[0m  select sqlite_version(*)
  [1m[36m (0.2ms)[0m  [1mCREATE TABLE "users" ("id" INTEGER PRIMARY KEY AUTOINCREMENT NOT NULL, "username" varchar(255), "settings_id_id" integer, "hash" varchar(255), "salt" varchar(255), "taskOwnership_id_id" integer, "created_at" datetime, "updated_at" datetime) [0m
SQLite3::SQLException: table "users" already exists: CREATE TABLE "users" ("id" INTEGER PRIMARY KEY AUTOINCREMENT NOT NULL, "username" varchar(255), "settings_id_id" integer, "hash" varchar(255), "salt" varchar(255), "taskOwnership_id_id" integer, "created_at" datetime, "updated_at" datetime) 
  [1m[36m (0.1ms)[0m  [1mSELECT "schema_migrations"."version" FROM "schema_migrations" [0m
  [1m[35m (0.1ms)[0m  SELECT "schema_migrations"."version" FROM "schema_migrations" 
Migrating to CreateCourses (20120307151009)
  [1m[36m (0.0ms)[0m  [1mselect sqlite_version(*)[0m
  [1m[35m (0.2ms)[0m  PRAGMA index_list("courses")
  [1m[36m (0.0ms)[0m  [1mPRAGMA index_info('index_courses_on_period_id')[0m
  [1m[35m (0.0ms)[0m  PRAGMA index_info('index_courses_on_band_id')
  [1m[36m (16.2ms)[0m  [1mDROP INDEX "index_courses_on_period_id"[0m
  [1m[35m (0.1ms)[0m  PRAGMA index_list("courses")
  [1m[36m (0.0ms)[0m  [1mPRAGMA index_info('index_courses_on_band_id')[0m
  [1m[35m (0.3ms)[0m  DROP INDEX "index_courses_on_band_id"
  [1m[36m (0.4ms)[0m  [1mDROP TABLE "courses"[0m
  [1m[35m (0.2ms)[0m  DELETE FROM "schema_migrations" WHERE "schema_migrations"."version" = '20120307151009'
  [1m[36m (0.5ms)[0m  [1mselect sqlite_version(*)[0m
  [1m[35m (0.2ms)[0m  SELECT "schema_migrations"."version" FROM "schema_migrations" 
  [1m[36m (0.0ms)[0m  [1mPRAGMA index_list("bands")[0m
  [1m[35m (0.0ms)[0m  PRAGMA index_list("messages")
  [1m[36m (0.0ms)[0m  [1mPRAGMA index_info('index_messages_on_recipient_id')[0m
  [1m[35m (0.1ms)[0m  PRAGMA index_info('index_messages_on_sender_id')
  [1m[36m (0.0ms)[0m  [1mPRAGMA index_list("notifications")[0m
  [1m[35m (0.0ms)[0m  PRAGMA index_list("periods")
  [1m[36m (0.0ms)[0m  [1mPRAGMA index_list("schedule_ownerships")[0m
  [1m[35m (0.0ms)[0m  PRAGMA index_list("schedules")
  [1m[36m (0.0ms)[0m  [1mPRAGMA index_list("settings")[0m
  [1m[35m (0.0ms)[0m  PRAGMA index_list("task_ownerships")
  [1m[36m (0.0ms)[0m  [1mPRAGMA index_list("tasks")[0m
  [1m[35m (0.0ms)[0m  PRAGMA index_list("users")
  [1m[36m (0.1ms)[0m  [1mSELECT "schema_migrations"."version" FROM "schema_migrations" [0m
  [1m[35m (0.1ms)[0m  SELECT "schema_migrations"."version" FROM "schema_migrations" 
Migrating to CreateMessages (20120222151513)
  [1m[36m (0.0ms)[0m  [1mselect sqlite_version(*)[0m
  [1m[35m (0.1ms)[0m  PRAGMA index_list("messages")
  [1m[36m (0.0ms)[0m  [1mPRAGMA index_info('index_messages_on_recipient_id')[0m
  [1m[35m (0.0ms)[0m  PRAGMA index_info('index_messages_on_sender_id')
  [1m[36m (0.9ms)[0m  [1mDROP INDEX "index_messages_on_recipient_id"[0m
  [1m[35m (0.1ms)[0m  PRAGMA index_list("messages")
  [1m[36m (0.0ms)[0m  [1mPRAGMA index_info('index_messages_on_sender_id')[0m
  [1m[35m (0.2ms)[0m  DROP INDEX "index_messages_on_sender_id"
  [1m[36m (0.3ms)[0m  [1mDROP TABLE "messages"[0m
  [1m[35m (0.2ms)[0m  DELETE FROM "schema_migrations" WHERE "schema_migrations"."version" = '20120222151513'
  [1m[36m (0.4ms)[0m  [1mselect sqlite_version(*)[0m
  [1m[35m (0.9ms)[0m  SELECT "schema_migrations"."version" FROM "schema_migrations" 
  [1m[36m (0.0ms)[0m  [1mPRAGMA index_list("bands")[0m
  [1m[35m (0.0ms)[0m  PRAGMA index_list("notifications")
  [1m[36m (0.0ms)[0m  [1mPRAGMA index_list("periods")[0m
  [1m[35m (0.1ms)[0m  PRAGMA index_list("schedule_ownerships")
  [1m[36m (0.0ms)[0m  [1mPRAGMA index_list("schedules")[0m
  [1m[35m (0.0ms)[0m  PRAGMA index_list("settings")
  [1m[36m (0.0ms)[0m  [1mPRAGMA index_list("task_ownerships")[0m
  [1m[35m (0.0ms)[0m  PRAGMA index_list("tasks")
  [1m[36m (0.0ms)[0m  [1mPRAGMA index_list("users")[0m
  [1m[36m (0.1ms)[0m  [1mSELECT "schema_migrations"."version" FROM "schema_migrations" [0m
  [1m[35m (0.1ms)[0m  SELECT "schema_migrations"."version" FROM "schema_migrations" 
Migrating to CreateSettings (20120215151448)
  [1m[36m (0.0ms)[0m  [1mselect sqlite_version(*)[0m
  [1m[35m (1.0ms)[0m  DROP TABLE "settings"
  [1m[36m (0.2ms)[0m  [1mDELETE FROM "schema_migrations" WHERE "schema_migrations"."version" = '20120215151448'[0m
  [1m[35m (0.4ms)[0m  select sqlite_version(*)
  [1m[36m (0.1ms)[0m  [1mSELECT "schema_migrations"."version" FROM "schema_migrations" [0m
  [1m[35m (0.0ms)[0m  PRAGMA index_list("bands")
  [1m[36m (0.0ms)[0m  [1mPRAGMA index_list("notifications")[0m
  [1m[35m (0.0ms)[0m  PRAGMA index_list("periods")
  [1m[36m (0.1ms)[0m  [1mPRAGMA index_list("schedule_ownerships")[0m
  [1m[35m (0.0ms)[0m  PRAGMA index_list("schedules")
  [1m[36m (0.0ms)[0m  [1mPRAGMA index_list("task_ownerships")[0m
  [1m[35m (0.0ms)[0m  PRAGMA index_list("tasks")
  [1m[36m (0.0ms)[0m  [1mPRAGMA index_list("users")[0m
  [1m[36m (0.1ms)[0m  [1mselect sqlite_version(*)[0m
  [1m[35m (1.2ms)[0m  CREATE TABLE "schema_migrations" ("version" varchar(255) NOT NULL) 
  [1m[36m (0.0ms)[0m  [1mPRAGMA index_list("schema_migrations")[0m
  [1m[35m (52.7ms)[0m  CREATE UNIQUE INDEX "unique_schema_migrations" ON "schema_migrations" ("version")
  [1m[36m (0.1ms)[0m  [1mSELECT "schema_migrations"."version" FROM "schema_migrations" [0m
Migrating to CreateUsers (20120123203823)
  [1m[35m (0.6ms)[0m  CREATE TABLE "users" ("id" INTEGER PRIMARY KEY AUTOINCREMENT NOT NULL, "username" varchar(255), "settings_id_id" integer, "hash" varchar(255), "salt" varchar(255), "taskOwnership_id_id" integer, "created_at" datetime, "updated_at" datetime) 
  [1m[36m (0.2ms)[0m  [1mINSERT INTO "schema_migrations" ("version") VALUES ('20120123203823')[0m
Migrating to CreateScheduleOwnerships (20120123204513)
  [1m[35m (0.5ms)[0m  CREATE TABLE "schedule_ownerships" ("id" INTEGER PRIMARY KEY AUTOINCREMENT NOT NULL, "user_id_id" integer, "schedule_id_id" integer, "created_at" datetime, "updated_at" datetime) 
  [1m[36m (0.2ms)[0m  [1mINSERT INTO "schema_migrations" ("version") VALUES ('20120123204513')[0m
Migrating to CreatePeriods (20120213202800)
  [1m[35m (0.5ms)[0m  CREATE TABLE "periods" ("id" INTEGER PRIMARY KEY AUTOINCREMENT NOT NULL, "period" integer, "schedule_id_id" integer, "created_at" datetime, "updated_at" datetime) 
  [1m[36m (0.1ms)[0m  [1mINSERT INTO "schema_migrations" ("version") VALUES ('20120213202800')[0m
Migrating to CreateBands (20120213202933)
  [1m[35m (0.5ms)[0m  CREATE TABLE "bands" ("id" INTEGER PRIMARY KEY AUTOINCREMENT NOT NULL, "band" integer, "created_at" datetime, "updated_at" datetime) 
  [1m[36m (0.1ms)[0m  [1mINSERT INTO "schema_migrations" ("version") VALUES ('20120213202933')[0m
Migrating to CreateTaskOwnerships (20120213203125)
  [1m[35m (0.6ms)[0m  CREATE TABLE "task_ownerships" ("id" INTEGER PRIMARY KEY AUTOINCREMENT NOT NULL, "user_id_id" integer, "task_id_id" integer, "created_at" datetime, "updated_at" datetime) 
  [1m[36m (0.3ms)[0m  [1mINSERT INTO "schema_migrations" ("version") VALUES ('20120213203125')[0m
Migrating to CreateSchedules (20120213203416)
  [1m[35m (0.8ms)[0m  CREATE TABLE "schedules" ("id" INTEGER PRIMARY KEY AUTOINCREMENT NOT NULL, "is_period" boolean, "user_id_id" integer, "created_at" datetime, "updated_at" datetime) 
  [1m[36m (0.1ms)[0m  [1mINSERT INTO "schema_migrations" ("version") VALUES ('20120213203416')[0m
Migrating to CreateTasks (20120215150001)
  [1m[35m (0.5ms)[0m  CREATE TABLE "tasks" ("id" INTEGER PRIMARY KEY AUTOINCREMENT NOT NULL, "name" varchar(255), "due" date, "super_task_id_id" integer, "task_ownership_id_id" integer, "course_id_id" integer, "created_at" datetime, "updated_at" datetime) 
  [1m[36m (0.1ms)[0m  [1mINSERT INTO "schema_migrations" ("version") VALUES ('20120215150001')[0m
Migrating to CreateNotifications (20120215150947)
  [1m[35m (0.5ms)[0m  CREATE TABLE "notifications" ("id" INTEGER PRIMARY KEY AUTOINCREMENT NOT NULL, "content" text, "user_id_id" integer, "created_at" datetime, "updated_at" datetime) 
  [1m[36m (0.3ms)[0m  [1mINSERT INTO "schema_migrations" ("version") VALUES ('20120215150947')[0m
Migrating to CreateSettings (20120215151448)
  [1m[35m (0.5ms)[0m  CREATE TABLE "settings" ("id" INTEGER PRIMARY KEY AUTOINCREMENT NOT NULL, "created_at" datetime, "updated_at" datetime) 
  [1m[36m (0.2ms)[0m  [1mINSERT INTO "schema_migrations" ("version") VALUES ('20120215151448')[0m
Migrating to CreateMessages (20120222151513)
  [1m[35m (2.6ms)[0m  CREATE TABLE "messages" ("id" INTEGER PRIMARY KEY AUTOINCREMENT NOT NULL, "sender_id" integer, "recipient_id" integer, "content" text, "created_at" datetime, "updated_at" datetime) 
  [1m[36m (0.1ms)[0m  [1mPRAGMA index_list("messages")[0m
  [1m[35m (0.2ms)[0m  CREATE INDEX "index_messages_on_sender_id" ON "messages" ("sender_id")
  [1m[36m (0.0ms)[0m  [1mPRAGMA index_list("messages")[0m
  [1m[35m (0.0ms)[0m  PRAGMA index_info('index_messages_on_sender_id')
  [1m[36m (0.1ms)[0m  [1mCREATE INDEX "index_messages_on_recipient_id" ON "messages" ("recipient_id")[0m
  [1m[35m (0.2ms)[0m  INSERT INTO "schema_migrations" ("version") VALUES ('20120222151513')
Migrating to CreateCourses (20120307151009)
  [1m[36m (0.5ms)[0m  [1mCREATE TABLE "courses" ("id" INTEGER PRIMARY KEY AUTOINCREMENT NOT NULL, "name" varchar(255), "start" time, "end" time, "band_id" integer, "period_id" integer, "created_at" datetime, "updated_at" datetime) [0m
  [1m[35m (0.1ms)[0m  PRAGMA index_list("courses")
  [1m[36m (0.3ms)[0m  [1mCREATE INDEX "index_courses_on_band_id" ON "courses" ("band_id")[0m
  [1m[35m (0.1ms)[0m  PRAGMA index_list("courses")
  [1m[36m (0.0ms)[0m  [1mPRAGMA index_info('index_courses_on_band_id')[0m
  [1m[35m (0.2ms)[0m  CREATE INDEX "index_courses_on_period_id" ON "courses" ("period_id")
  [1m[36m (0.1ms)[0m  [1mINSERT INTO "schema_migrations" ("version") VALUES ('20120307151009')[0m
  [1m[35m (0.5ms)[0m  select sqlite_version(*)
  [1m[36m (0.2ms)[0m  [1mSELECT "schema_migrations"."version" FROM "schema_migrations" [0m
  [1m[35m (0.0ms)[0m  PRAGMA index_list("bands")
  [1m[36m (0.1ms)[0m  [1mPRAGMA index_list("courses")[0m
  [1m[35m (0.1ms)[0m  PRAGMA index_info('index_courses_on_period_id')
  [1m[36m (0.1ms)[0m  [1mPRAGMA index_info('index_courses_on_band_id')[0m
  [1m[35m (0.0ms)[0m  PRAGMA index_list("messages")
  [1m[36m (0.0ms)[0m  [1mPRAGMA index_info('index_messages_on_recipient_id')[0m
  [1m[35m (0.0ms)[0m  PRAGMA index_info('index_messages_on_sender_id')
  [1m[36m (0.0ms)[0m  [1mPRAGMA index_list("notifications")[0m
  [1m[35m (0.0ms)[0m  PRAGMA index_list("periods")
  [1m[36m (0.0ms)[0m  [1mPRAGMA index_list("schedule_ownerships")[0m
  [1m[35m (0.0ms)[0m  PRAGMA index_list("schedules")
  [1m[36m (0.0ms)[0m  [1mPRAGMA index_list("settings")[0m
  [1m[35m (0.0ms)[0m  PRAGMA index_list("task_ownerships")
  [1m[36m (0.0ms)[0m  [1mPRAGMA index_list("tasks")[0m
  [1m[35m (0.1ms)[0m  PRAGMA index_list("users")
